This file contains any messages produced by compilers while
running configure, to aid debugging if configure makes a mistake.

It was created by ssuspend configure 0.1.0, which was
generated by GNU Autoconf 2.61.  Invocation command line was

  $ ./configure 

## --------- ##
## Platform. ##
## --------- ##

hostname = caliban
uname -m = i686
uname -r = 2.6.23.14mgrosso-20080119-r1
uname -s = Linux
uname -v = #2 SMP PREEMPT Sat Jan 19 16:50:06 PST 2008

/usr/bin/uname -p = Intel(R) Core(TM)2 Duo CPU     T7700  @ 2.40GHz
/bin/uname -X     = unknown

/bin/arch              = i686
/usr/bin/arch -k       = i686
/usr/convex/getsysinfo = unknown
/usr/bin/hostinfo      = unknown
/bin/machine           = unknown
/usr/bin/oslevel       = unknown
/bin/universe          = unknown

PATH: /home/mgrosso/selfish/postgresql-8.1.10//bin/
PATH: /home/mgrosso/compile/jdk1.5.0_06//bin/
PATH: /usr/local/autoconf//bin
PATH: /home/mgrosso/selfish/apache-ant-1.6.5//bin/
PATH: /home/mgrosso/bin/
PATH: /usr/local/bin
PATH: /usr/bin
PATH: /bin
PATH: /opt/bin
PATH: /usr/i686-pc-linux-gnu/gcc-bin/4.1.1
PATH: /usr/kde/3.5/bin
PATH: /usr/qt/3/bin


## ----------- ##
## Core tests. ##
## ----------- ##

configure:1793: checking build system type
configure:1811: result: i686-pc-linux-gnu
configure:1833: checking host system type
configure:1848: result: i686-pc-linux-gnu
configure:1870: checking target system type
configure:1885: result: i686-pc-linux-gnu
configure:1928: checking for a BSD-compatible install
configure:1984: result: /usr/bin/install -c
configure:1995: checking whether build environment is sane
configure:2038: result: yes
configure:2066: checking for a thread-safe mkdir -p
configure:2105: result: /usr/bin/mkdir -p
configure:2118: checking for gawk
configure:2134: found /usr/bin/gawk
configure:2145: result: gawk
configure:2156: checking whether make sets $(MAKE)
configure:2177: result: yes
configure:2439: checking for g++
configure:2455: found /usr/bin/g++
configure:2466: result: g++
configure:2497: checking for C++ compiler version
configure:2504: g++ --version >&5
g++ (GCC) 4.1.1 (Gentoo 4.1.1-r3)
Copyright (C) 2006 Free Software Foundation, Inc.
This is free software; see the source for copying conditions.  There is NO
warranty; not even for MERCHANTABILITY or FITNESS FOR A PARTICULAR PURPOSE.

configure:2507: $? = 0
configure:2514: g++ -v >&5
Using built-in specs.
Target: i686-pc-linux-gnu
Configured with: /var/tmp/portage/sys-devel/gcc-4.1.1-r3/work/gcc-4.1.1/configure --prefix=/usr --bindir=/usr/i686-pc-linux-gnu/gcc-bin/4.1.1 --includedir=/usr/lib/gcc/i686-pc-linux-gnu/4.1.1/include --datadir=/usr/share/gcc-data/i686-pc-linux-gnu/4.1.1 --mandir=/usr/share/gcc-data/i686-pc-linux-gnu/4.1.1/man --infodir=/usr/share/gcc-data/i686-pc-linux-gnu/4.1.1/info --with-gxx-include-dir=/usr/lib/gcc/i686-pc-linux-gnu/4.1.1/include/g++-v4 --host=i686-pc-linux-gnu --build=i686-pc-linux-gnu --disable-altivec --enable-nls --without-included-gettext --with-system-zlib --disable-checking --disable-werror --enable-secureplt --disable-libunwind-exceptions --disable-multilib --disable-libmudflap --disable-libssp --disable-libgcj --enable-languages=c,c++,fortran --enable-shared --enable-threads=posix --enable-__cxa_atexit --enable-clocale=gnu
Thread model: posix
gcc version 4.1.1 (Gentoo 4.1.1-r3)
configure:2517: $? = 0
configure:2524: g++ -V >&5
g++: '-V' option must have argument
configure:2527: $? = 1
configure:2550: checking for C++ compiler default output file name
configure:2577: g++    conftest.cpp  >&5
configure:2580: $? = 0
configure:2618: result: a.out
configure:2635: checking whether the C++ compiler works
configure:2645: ./a.out
configure:2648: $? = 0
configure:2665: result: yes
configure:2672: checking whether we are cross compiling
configure:2674: result: no
configure:2677: checking for suffix of executables
configure:2684: g++ -o conftest    conftest.cpp  >&5
configure:2687: $? = 0
configure:2711: result: 
configure:2717: checking for suffix of object files
configure:2743: g++ -c   conftest.cpp >&5
configure:2746: $? = 0
configure:2769: result: o
configure:2773: checking whether we are using the GNU C++ compiler
configure:2802: g++ -c   conftest.cpp >&5
configure:2808: $? = 0
configure:2825: result: yes
configure:2830: checking whether g++ accepts -g
configure:2860: g++ -c -g  conftest.cpp >&5
configure:2866: $? = 0
configure:2965: result: yes
configure:2999: checking for style of include used by make
configure:3027: result: GNU
configure:3052: checking dependency style of g++
configure:3143: result: none
configure:3206: checking for gcc
configure:3222: found /usr/bin/gcc
configure:3233: result: gcc
configure:3471: checking for C compiler version
configure:3478: gcc --version >&5
gcc (GCC) 4.1.1 (Gentoo 4.1.1-r3)
Copyright (C) 2006 Free Software Foundation, Inc.
This is free software; see the source for copying conditions.  There is NO
warranty; not even for MERCHANTABILITY or FITNESS FOR A PARTICULAR PURPOSE.

configure:3481: $? = 0
configure:3488: gcc -v >&5
Using built-in specs.
Target: i686-pc-linux-gnu
Configured with: /var/tmp/portage/sys-devel/gcc-4.1.1-r3/work/gcc-4.1.1/configure --prefix=/usr --bindir=/usr/i686-pc-linux-gnu/gcc-bin/4.1.1 --includedir=/usr/lib/gcc/i686-pc-linux-gnu/4.1.1/include --datadir=/usr/share/gcc-data/i686-pc-linux-gnu/4.1.1 --mandir=/usr/share/gcc-data/i686-pc-linux-gnu/4.1.1/man --infodir=/usr/share/gcc-data/i686-pc-linux-gnu/4.1.1/info --with-gxx-include-dir=/usr/lib/gcc/i686-pc-linux-gnu/4.1.1/include/g++-v4 --host=i686-pc-linux-gnu --build=i686-pc-linux-gnu --disable-altivec --enable-nls --without-included-gettext --with-system-zlib --disable-checking --disable-werror --enable-secureplt --disable-libunwind-exceptions --disable-multilib --disable-libmudflap --disable-libssp --disable-libgcj --enable-languages=c,c++,fortran --enable-shared --enable-threads=posix --enable-__cxa_atexit --enable-clocale=gnu
Thread model: posix
gcc version 4.1.1 (Gentoo 4.1.1-r3)
configure:3491: $? = 0
configure:3498: gcc -V >&5
gcc: '-V' option must have argument
configure:3501: $? = 1
configure:3504: checking whether we are using the GNU C compiler
configure:3533: gcc -c -g  conftest.c >&5
configure:3539: $? = 0
configure:3556: result: yes
configure:3561: checking whether gcc accepts -g
configure:3591: gcc -c -g  conftest.c >&5
configure:3597: $? = 0
configure:3696: result: yes
configure:3713: checking for gcc option to accept ISO C89
configure:3787: gcc  -c -g  conftest.c >&5
configure:3793: $? = 0
configure:3816: result: none needed
configure:3836: checking dependency style of gcc
configure:3927: result: none
configure:3987: checking for ranlib
configure:4003: found /usr/bin/ranlib
configure:4014: result: ranlib
configure:4053: checking for a BSD-compatible install
configure:4109: result: /usr/bin/install -c
configure:4130: checking how to run the C preprocessor
configure:4170: gcc -E  conftest.c
configure:4176: $? = 0
configure:4207: gcc -E  conftest.c
conftest.c:11:28: error: ac_nonexistent.h: No such file or directory
configure:4213: $? = 1
configure: failed program was:
| /* confdefs.h.  */
| #define PACKAGE_NAME "ssuspend"
| #define PACKAGE_TARNAME "ssuspend"
| #define PACKAGE_VERSION "0.1.0"
| #define PACKAGE_STRING "ssuspend 0.1.0"
| #define PACKAGE_BUGREPORT "mgrosso@acm.org"
| #define PACKAGE "libframe"
| #define VERSION "1.0.0"
| #define _GNU_SOURCE 1
| /* end confdefs.h.  */
| #include <ac_nonexistent.h>
configure:4246: result: gcc -E
configure:4275: gcc -E  conftest.c
configure:4281: $? = 0
configure:4312: gcc -E  conftest.c
conftest.c:11:28: error: ac_nonexistent.h: No such file or directory
configure:4318: $? = 1
configure: failed program was:
| /* confdefs.h.  */
| #define PACKAGE_NAME "ssuspend"
| #define PACKAGE_TARNAME "ssuspend"
| #define PACKAGE_VERSION "0.1.0"
| #define PACKAGE_STRING "ssuspend 0.1.0"
| #define PACKAGE_BUGREPORT "mgrosso@acm.org"
| #define PACKAGE "libframe"
| #define VERSION "1.0.0"
| #define _GNU_SOURCE 1
| /* end confdefs.h.  */
| #include <ac_nonexistent.h>
configure:4356: checking for grep that handles long lines and -e
configure:4430: result: /bin/grep
configure:4435: checking for egrep
configure:4513: result: /bin/grep -E
configure:4518: checking for ANSI C header files
configure:4548: gcc -c -g  conftest.c >&5
configure:4554: $? = 0
configure:4653: gcc -o conftest -g   conftest.c  >&5
configure:4656: $? = 0
configure:4662: ./conftest
configure:4665: $? = 0
configure:4682: result: yes
configure:4706: checking for sys/types.h
configure:4727: gcc -c -g  conftest.c >&5
configure:4733: $? = 0
configure:4749: result: yes
configure:4706: checking for sys/stat.h
configure:4727: gcc -c -g  conftest.c >&5
configure:4733: $? = 0
configure:4749: result: yes
configure:4706: checking for stdlib.h
configure:4727: gcc -c -g  conftest.c >&5
configure:4733: $? = 0
configure:4749: result: yes
configure:4706: checking for string.h
configure:4727: gcc -c -g  conftest.c >&5
configure:4733: $? = 0
configure:4749: result: yes
configure:4706: checking for memory.h
configure:4727: gcc -c -g  conftest.c >&5
configure:4733: $? = 0
configure:4749: result: yes
configure:4706: checking for strings.h
configure:4727: gcc -c -g  conftest.c >&5
configure:4733: $? = 0
configure:4749: result: yes
configure:4706: checking for inttypes.h
configure:4727: gcc -c -g  conftest.c >&5
configure:4733: $? = 0
configure:4749: result: yes
configure:4706: checking for stdint.h
configure:4727: gcc -c -g  conftest.c >&5
configure:4733: $? = 0
configure:4749: result: yes
configure:4706: checking for unistd.h
configure:4727: gcc -c -g  conftest.c >&5
configure:4733: $? = 0
configure:4749: result: yes
configure:4779: checking stdio.h usability
configure:4796: gcc -c -g  conftest.c >&5
configure:4802: $? = 0
configure:4816: result: yes
configure:4820: checking stdio.h presence
configure:4835: gcc -E  conftest.c
configure:4841: $? = 0
configure:4855: result: yes
configure:4888: checking for stdio.h
configure:4896: result: yes
configure:4769: checking for stdlib.h
configure:4775: result: yes
configure:4769: checking for sys/types.h
configure:4775: result: yes
configure:4769: checking for unistd.h
configure:4775: result: yes
configure:4911: checking for stdbool.h that conforms to C99
configure:5004: gcc -c -g  conftest.c >&5
configure:5010: $? = 0
configure:5025: result: yes
configure:5027: checking for _Bool
configure:5057: gcc -c -g  conftest.c >&5
configure:5063: $? = 0
configure:5078: result: yes
configure:5097: checking for an ANSI C-conforming const
configure:5172: gcc -c -g  conftest.c >&5
configure:5178: $? = 0
configure:5193: result: yes
configure:5203: checking for inline
configure:5229: gcc -c -g  conftest.c >&5
configure:5235: $? = 0
configure:5253: result: inline
configure:5272: checking for off_t
configure:5302: gcc -c -g  conftest.c >&5
configure:5308: $? = 0
configure:5323: result: yes
configure:5335: checking for size_t
configure:5365: gcc -c -g  conftest.c >&5
configure:5371: $? = 0
configure:5386: result: yes
configure:5401: checking for pid_t
configure:5431: gcc -c -g  conftest.c >&5
configure:5437: $? = 0
configure:5452: result: yes
configure:5479: checking vfork.h usability
configure:5496: gcc -c -g  conftest.c >&5
conftest.c:60:19: error: vfork.h: No such file or directory
configure:5502: $? = 1
configure: failed program was:
| /* confdefs.h.  */
| #define PACKAGE_NAME "ssuspend"
| #define PACKAGE_TARNAME "ssuspend"
| #define PACKAGE_VERSION "0.1.0"
| #define PACKAGE_STRING "ssuspend 0.1.0"
| #define PACKAGE_BUGREPORT "mgrosso@acm.org"
| #define PACKAGE "libframe"
| #define VERSION "1.0.0"
| #define _GNU_SOURCE 1
| #define STDC_HEADERS 1
| #define HAVE_SYS_TYPES_H 1
| #define HAVE_SYS_STAT_H 1
| #define HAVE_STDLIB_H 1
| #define HAVE_STRING_H 1
| #define HAVE_MEMORY_H 1
| #define HAVE_STRINGS_H 1
| #define HAVE_INTTYPES_H 1
| #define HAVE_STDINT_H 1
| #define HAVE_UNISTD_H 1
| #define HAVE_STDIO_H 1
| #define HAVE_STDLIB_H 1
| #define HAVE_SYS_TYPES_H 1
| #define HAVE_UNISTD_H 1
| #define HAVE__BOOL 1
| #define HAVE_STDBOOL_H 1
| /* end confdefs.h.  */
| #include <stdio.h>
| #ifdef HAVE_SYS_TYPES_H
| # include <sys/types.h>
| #endif
| #ifdef HAVE_SYS_STAT_H
| # include <sys/stat.h>
| #endif
| #ifdef STDC_HEADERS
| # include <stdlib.h>
| # include <stddef.h>
| #else
| # ifdef HAVE_STDLIB_H
| #  include <stdlib.h>
| # endif
| #endif
| #ifdef HAVE_STRING_H
| # if !defined STDC_HEADERS && defined HAVE_MEMORY_H
| #  include <memory.h>
| # endif
| # include <string.h>
| #endif
| #ifdef HAVE_STRINGS_H
| # include <strings.h>
| #endif
| #ifdef HAVE_INTTYPES_H
| # include <inttypes.h>
| #endif
| #ifdef HAVE_STDINT_H
| # include <stdint.h>
| #endif
| #ifdef HAVE_UNISTD_H
| # include <unistd.h>
| #endif
| #include <vfork.h>
configure:5516: result: no
configure:5520: checking vfork.h presence
configure:5535: gcc -E  conftest.c
conftest.c:27:19: error: vfork.h: No such file or directory
configure:5541: $? = 1
configure: failed program was:
| /* confdefs.h.  */
| #define PACKAGE_NAME "ssuspend"
| #define PACKAGE_TARNAME "ssuspend"
| #define PACKAGE_VERSION "0.1.0"
| #define PACKAGE_STRING "ssuspend 0.1.0"
| #define PACKAGE_BUGREPORT "mgrosso@acm.org"
| #define PACKAGE "libframe"
| #define VERSION "1.0.0"
| #define _GNU_SOURCE 1
| #define STDC_HEADERS 1
| #define HAVE_SYS_TYPES_H 1
| #define HAVE_SYS_STAT_H 1
| #define HAVE_STDLIB_H 1
| #define HAVE_STRING_H 1
| #define HAVE_MEMORY_H 1
| #define HAVE_STRINGS_H 1
| #define HAVE_INTTYPES_H 1
| #define HAVE_STDINT_H 1
| #define HAVE_UNISTD_H 1
| #define HAVE_STDIO_H 1
| #define HAVE_STDLIB_H 1
| #define HAVE_SYS_TYPES_H 1
| #define HAVE_UNISTD_H 1
| #define HAVE__BOOL 1
| #define HAVE_STDBOOL_H 1
| /* end confdefs.h.  */
| #include <vfork.h>
configure:5555: result: no
configure:5588: checking for vfork.h
configure:5596: result: no
configure:5614: checking for fork
configure:5670: gcc -o conftest -g   conftest.c  >&5
conftest.c:50: warning: conflicting types for built-in function 'fork'
configure:5676: $? = 0
configure:5694: result: yes
configure:5614: checking for vfork
configure:5670: gcc -o conftest -g   conftest.c  >&5
configure:5676: $? = 0
configure:5694: result: yes
configure:5705: checking for working fork
configure:5737: gcc -o conftest -g   conftest.c  >&5
configure:5740: $? = 0
configure:5746: ./conftest
configure:5749: $? = 0
configure:5765: result: yes
configure:5786: checking for working vfork
configure:5924: result: yes
configure:6095: creating ./config.status

## ---------------------- ##
## Running config.status. ##
## ---------------------- ##

This file was extended by ssuspend config.status 0.1.0, which was
generated by GNU Autoconf 2.61.  Invocation command line was

  CONFIG_FILES    = 
  CONFIG_HEADERS  = 
  CONFIG_LINKS    = 
  CONFIG_COMMANDS = 
  $ ./config.status 

on caliban

config.status:658: creating Makefile
config.status:658: creating src/Makefile
config.status:658: creating inc/system_config.h
config.status:941: executing depfiles commands

## ---------------- ##
## Cache variables. ##
## ---------------- ##

ac_cv_build=i686-pc-linux-gnu
ac_cv_c_compiler_gnu=yes
ac_cv_c_const=yes
ac_cv_c_inline=inline
ac_cv_cxx_compiler_gnu=yes
ac_cv_env_CCC_set=
ac_cv_env_CCC_value=
ac_cv_env_CC_set=
ac_cv_env_CC_value=
ac_cv_env_CFLAGS_set=
ac_cv_env_CFLAGS_value=
ac_cv_env_CPPFLAGS_set=
ac_cv_env_CPPFLAGS_value=
ac_cv_env_CPP_set=
ac_cv_env_CPP_value=
ac_cv_env_CXXFLAGS_set=
ac_cv_env_CXXFLAGS_value=
ac_cv_env_CXX_set=
ac_cv_env_CXX_value=
ac_cv_env_LDFLAGS_set=
ac_cv_env_LDFLAGS_value=
ac_cv_env_LIBS_set=
ac_cv_env_LIBS_value=
ac_cv_env_build_alias_set=
ac_cv_env_build_alias_value=
ac_cv_env_host_alias_set=
ac_cv_env_host_alias_value=
ac_cv_env_target_alias_set=
ac_cv_env_target_alias_value=
ac_cv_func_fork=yes
ac_cv_func_fork_works=yes
ac_cv_func_vfork=yes
ac_cv_func_vfork_works=yes
ac_cv_header_inttypes_h=yes
ac_cv_header_memory_h=yes
ac_cv_header_stdbool_h=yes
ac_cv_header_stdc=yes
ac_cv_header_stdint_h=yes
ac_cv_header_stdio_h=yes
ac_cv_header_stdlib_h=yes
ac_cv_header_string_h=yes
ac_cv_header_strings_h=yes
ac_cv_header_sys_stat_h=yes
ac_cv_header_sys_types_h=yes
ac_cv_header_unistd_h=yes
ac_cv_header_vfork_h=no
ac_cv_host=i686-pc-linux-gnu
ac_cv_objext=o
ac_cv_path_EGREP='/bin/grep -E'
ac_cv_path_GREP=/bin/grep
ac_cv_path_install='/usr/bin/install -c'
ac_cv_path_mkdir=/usr/bin/mkdir
ac_cv_prog_AWK=gawk
ac_cv_prog_CPP='gcc -E'
ac_cv_prog_ac_ct_CC=gcc
ac_cv_prog_ac_ct_CXX=g++
ac_cv_prog_ac_ct_RANLIB=ranlib
ac_cv_prog_cc_c89=
ac_cv_prog_cc_g=yes
ac_cv_prog_cxx_g=yes
ac_cv_prog_make_make_set=yes
ac_cv_target=i686-pc-linux-gnu
ac_cv_type__Bool=yes
ac_cv_type_off_t=yes
ac_cv_type_pid_t=yes
ac_cv_type_size_t=yes
am_cv_CC_dependencies_compiler_type=none
am_cv_CXX_dependencies_compiler_type=none

## ----------------- ##
## Output variables. ##
## ----------------- ##

ACLOCAL='${SHELL} /home/mgrosso/src/ssuspend/trunk/missing --run aclocal-1.10'
AMDEPBACKSLASH='\'
AMDEP_FALSE='#'
AMDEP_TRUE=''
AMTAR='${SHELL} /home/mgrosso/src/ssuspend/trunk/missing --run tar'
AUTOCONF='${SHELL} /home/mgrosso/src/ssuspend/trunk/missing --run autoconf'
AUTOHEADER='${SHELL} /home/mgrosso/src/ssuspend/trunk/missing --run autoheader'
AUTOMAKE='${SHELL} /home/mgrosso/src/ssuspend/trunk/missing --run automake-1.10'
AWK='gawk'
CC='gcc'
CCDEPMODE='depmode=none'
CFLAGS='-g -Wall '
CPP='gcc -E'
CPPFLAGS=''
CXX='g++'
CXXDEPMODE='depmode=none'
CXXFLAGS='-g -O2'
CYGPATH_W='echo'
DEFS='-DHAVE_CONFIG_H'
DEPDIR='.deps'
ECHO_C=''
ECHO_N='-n'
ECHO_T=''
EGREP='/bin/grep -E'
EXEEXT=''
GREP='/bin/grep'
INSTALL_DATA='${INSTALL} -m 644'
INSTALL_PROGRAM='${INSTALL}'
INSTALL_SCRIPT='${INSTALL}'
INSTALL_STRIP_PROGRAM='$(install_sh) -c -s'
LDFLAGS=''
LIBOBJS=''
LIBS=''
LTLIBOBJS=''
MAKEINFO='${SHELL} /home/mgrosso/src/ssuspend/trunk/missing --run makeinfo'
OBJEXT='o'
PACKAGE='libframe'
PACKAGE_BUGREPORT='mgrosso@acm.org'
PACKAGE_NAME='ssuspend'
PACKAGE_STRING='ssuspend 0.1.0'
PACKAGE_TARNAME='ssuspend'
PACKAGE_VERSION='0.1.0'
PATH_SEPARATOR=':'
RANLIB='ranlib'
SET_MAKE=''
SHELL='/bin/sh'
STRIP=''
VERSION='1.0.0'
ac_ct_CC='gcc'
ac_ct_CXX='g++'
am__fastdepCC_FALSE=''
am__fastdepCC_TRUE='#'
am__fastdepCXX_FALSE=''
am__fastdepCXX_TRUE='#'
am__include='include'
am__isrc=''
am__leading_dot='.'
am__quote=''
am__tar='${AMTAR} chof - "$$tardir"'
am__untar='${AMTAR} xf -'
bindir='${exec_prefix}/bin'
build='i686-pc-linux-gnu'
build_alias=''
build_cpu='i686'
build_os='linux-gnu'
build_vendor='pc'
datadir='${datarootdir}'
datarootdir='${prefix}/share'
docdir='${datarootdir}/doc/${PACKAGE_TARNAME}'
dvidir='${docdir}'
exec_prefix='${prefix}'
host='i686-pc-linux-gnu'
host_alias=''
host_cpu='i686'
host_os='linux-gnu'
host_vendor='pc'
htmldir='${docdir}'
includedir='${prefix}/include'
infodir='${datarootdir}/info'
install_sh='$(SHELL) /home/mgrosso/src/ssuspend/trunk/install-sh'
libdir='${exec_prefix}/lib'
libexecdir='${exec_prefix}/libexec'
localedir='${datarootdir}/locale'
localstatedir='${prefix}/var'
mandir='${datarootdir}/man'
mkdir_p='/usr/bin/mkdir -p'
oldincludedir='/usr/include'
pdfdir='${docdir}'
prefix='/usr/local'
program_transform_name='s,x,x,'
psdir='${docdir}'
sbindir='${exec_prefix}/sbin'
sharedstatedir='${prefix}/com'
sysconfdir='${prefix}/etc'
target='i686-pc-linux-gnu'
target_alias=''
target_cpu='i686'
target_os='linux-gnu'
target_vendor='pc'

## ----------- ##
## confdefs.h. ##
## ----------- ##

#define PACKAGE_NAME "ssuspend"
#define PACKAGE_TARNAME "ssuspend"
#define PACKAGE_VERSION "0.1.0"
#define PACKAGE_STRING "ssuspend 0.1.0"
#define PACKAGE_BUGREPORT "mgrosso@acm.org"
#define PACKAGE "libframe"
#define VERSION "1.0.0"
#define _GNU_SOURCE 1
#define STDC_HEADERS 1
#define HAVE_SYS_TYPES_H 1
#define HAVE_SYS_STAT_H 1
#define HAVE_STDLIB_H 1
#define HAVE_STRING_H 1
#define HAVE_MEMORY_H 1
#define HAVE_STRINGS_H 1
#define HAVE_INTTYPES_H 1
#define HAVE_STDINT_H 1
#define HAVE_UNISTD_H 1
#define HAVE_STDIO_H 1
#define HAVE_STDLIB_H 1
#define HAVE_SYS_TYPES_H 1
#define HAVE_UNISTD_H 1
#define HAVE__BOOL 1
#define HAVE_STDBOOL_H 1
#define HAVE_FORK 1
#define HAVE_VFORK 1
#define HAVE_WORKING_VFORK 1
#define HAVE_WORKING_FORK 1

configure: exit 0
